<?xml version="1.0" encoding="UTF-8"?>
<!-- Generated by org.testng.reporters.JUnitXMLReporter -->
<testsuite ignored="0" hostname="Smita" failures="1" tests="2" name="Automation Registration Page" time="1.862" errors="0" timestamp="2022-12-01T15:02:04 CET">
  <testcase classname="com.testingproject.qa.testcases.AutomationPageTest" name="homePageTitleTest" time="0.068">
    <failure type="java.lang.AssertionError" message="null">
      <![CDATA[java.lang.AssertionError: null
at com.testingproject.qa.testcases.AutomationPageTest.homePageTitleTest(AutomationPageTest.java:35)
at java.base/java.util.ArrayList.forEach(ArrayList.java:1511)
... Removed 31 stack frames]]>
    </failure>
  </testcase> <!-- homePageTitleTest -->
  <testcase classname="com.testingproject.qa.testcases.AutomationPageTest" name="Submitclick" time="0.547"/>
</testsuite> <!-- Automation Registration Page -->
