<?xml version="1.0" encoding="UTF-8"?>
<testng-results ignored="0" total="2" passed="1" failed="1" skipped="0">
  <reporter-output>
    <line>
      <![CDATA[--Capturing screenshot --]]>
    </line>
    <line>
      <![CDATA[<a href="Fri_Dec_02_15_35_00_CET_2022.jpg" target="_blank">Screenshot</a>]]>
    </line>
    <line>
      <![CDATA[<br>]]>
    </line>
    <line>
      <![CDATA[<a href="Fri_Dec_02_15_35_00_CET_2022.jpg"><img src=Fri_Dec_02_15_35_00_CET_2022.jpg height=50 width=50></img></a>]]>
    </line>
  </reporter-output>
  <suite started-at="2022-12-02T15:35:00 CET" name="Automation Project1" finished-at="2022-12-02T15:35:01 CET" duration-ms="1841">
    <groups>
    </groups>
    <test started-at="2022-12-02T15:35:00 CET" name="Automation Registration Page" finished-at="2022-12-02T15:35:01 CET" duration-ms="1841">
      <class name="com.testingproject.qa.testcases.AutomationPageTest">
        <test-method is-config="true" signature="initialization()[pri:0, instance:com.testingproject.qa.testcases.AutomationPageTest@57ce2898]" started-at="2022-12-02T15:35:00 CET" name="initialization" finished-at="2022-12-02T15:35:00 CET" duration-ms="17" status="PASS">
          <reporter-output>
          </reporter-output>
        </test-method> <!-- initialization -->
        <test-method is-config="true" signature="setUp()[pri:0, instance:com.testingproject.qa.testcases.AutomationPageTest@57ce2898]" started-at="2022-12-02T15:35:00 CET" name="setUp" finished-at="2022-12-02T15:35:00 CET" duration-ms="26" status="PASS">
          <reporter-output>
          </reporter-output>
        </test-method> <!-- setUp -->
        <test-method signature="homePageTitleTest()[pri:1, instance:com.testingproject.qa.testcases.AutomationPageTest@57ce2898]" started-at="2022-12-02T15:35:00 CET" name="homePageTitleTest" finished-at="2022-12-02T15:35:00 CET" duration-ms="45" status="FAIL">
          <exception class="java.lang.AssertionError">
            <message>
              <![CDATA[null]]>
            </message>
            <full-stacktrace>
              <![CDATA[java.lang.AssertionError: null
at org.testng.Assert.fail(Assert.java:110)
at org.testng.Assert.fail(Assert.java:115)
at com.testingproject.qa.testcases.AutomationPageTest.homePageTitleTest(AutomationPageTest.java:38)
at java.base/jdk.internal.reflect.DirectMethodHandleAccessor.invoke(DirectMethodHandleAccessor.java:104)
at java.base/java.lang.reflect.Method.invoke(Method.java:578)
at org.testng.internal.invokers.MethodInvocationHelper.invokeMethod(MethodInvocationHelper.java:135)
at org.testng.internal.invokers.TestInvoker.invokeMethod(TestInvoker.java:673)
at org.testng.internal.invokers.TestInvoker.invokeTestMethod(TestInvoker.java:220)
at org.testng.internal.invokers.MethodRunner.runInSequence(MethodRunner.java:50)
at org.testng.internal.invokers.TestInvoker$MethodInvocationAgent.invoke(TestInvoker.java:945)
at org.testng.internal.invokers.TestInvoker.invokeTestMethods(TestInvoker.java:193)
at org.testng.internal.invokers.TestMethodWorker.invokeTestMethods(TestMethodWorker.java:146)
at org.testng.internal.invokers.TestMethodWorker.run(TestMethodWorker.java:128)
at java.base/java.util.ArrayList.forEach(ArrayList.java:1511)
at org.testng.TestRunner.privateRun(TestRunner.java:808)
at org.testng.TestRunner.run(TestRunner.java:603)
at org.testng.SuiteRunner.runTest(SuiteRunner.java:429)
at org.testng.SuiteRunner.runSequentially(SuiteRunner.java:423)
at org.testng.SuiteRunner.privateRun(SuiteRunner.java:383)
at org.testng.SuiteRunner.run(SuiteRunner.java:326)
at org.testng.SuiteRunnerWorker.runSuite(SuiteRunnerWorker.java:52)
at org.testng.SuiteRunnerWorker.run(SuiteRunnerWorker.java:95)
at org.testng.TestNG.runSuitesSequentially(TestNG.java:1249)
at org.testng.TestNG.runSuitesLocally(TestNG.java:1169)
at org.testng.TestNG.runSuites(TestNG.java:1092)
at org.testng.TestNG.run(TestNG.java:1060)
at org.apache.maven.surefire.testng.TestNGExecutor.run(TestNGExecutor.java:324)
at org.apache.maven.surefire.testng.TestNGXmlTestSuite.execute(TestNGXmlTestSuite.java:74)
at org.apache.maven.surefire.testng.TestNGProvider.invoke(TestNGProvider.java:123)
at org.apache.maven.surefire.booter.ForkedBooter.runSuitesInProcess(ForkedBooter.java:456)
at org.apache.maven.surefire.booter.ForkedBooter.execute(ForkedBooter.java:169)
at org.apache.maven.surefire.booter.ForkedBooter.run(ForkedBooter.java:595)
at org.apache.maven.surefire.booter.ForkedBooter.main(ForkedBooter.java:581)
]]>
            </full-stacktrace>
          </exception> <!-- java.lang.AssertionError -->
          <reporter-output>
            <line>
              <![CDATA[--Capturing screenshot --]]>
            </line>
            <line>
              <![CDATA[<a href="Fri_Dec_02_15_35_00_CET_2022.jpg" target="_blank">Screenshot</a>]]>
            </line>
            <line>
              <![CDATA[<br>]]>
            </line>
            <line>
              <![CDATA[<a href="Fri_Dec_02_15_35_00_CET_2022.jpg"><img src=Fri_Dec_02_15_35_00_CET_2022.jpg height=50 width=50></img></a>]]>
            </line>
          </reporter-output>
        </test-method> <!-- homePageTitleTest -->
        <test-method signature="Submitclick(java.util.Hashtable)[pri:2, instance:com.testingproject.qa.testcases.AutomationPageTest@57ce2898]" started-at="2022-12-02T15:35:01 CET" name="Submitclick" data-provider="dataProvider" finished-at="2022-12-02T15:35:01 CET" duration-ms="588" status="PASS">
          <params>
            <param index="0">
              <value>
                <![CDATA[{Name=Harry Potter, Password=wwww, City=wwww, Country=India, Phone=111111.0, UserName=wwww, Email=www@ggg.com}]]>
              </value>
            </param>
          </params>
          <reporter-output>
          </reporter-output>
        </test-method> <!-- Submitclick -->
        <test-method is-config="true" signature="tearDown()[pri:0, instance:com.testingproject.qa.testcases.AutomationPageTest@57ce2898]" started-at="2022-12-02T15:35:01 CET" name="tearDown" finished-at="2022-12-02T15:35:01 CET" duration-ms="271" status="PASS">
          <reporter-output>
          </reporter-output>
        </test-method> <!-- tearDown -->
      </class> <!-- com.testingproject.qa.testcases.AutomationPageTest -->
    </test> <!-- Automation Registration Page -->
  </suite> <!-- Automation Project1 -->
</testng-results>
